::1 - - [19/Dec/2025:09:14:21 +0000] "POST /users HTTP/1.1" 201 57 "-" "PostmanRuntime/7.51.0"
::1 - - [19/Dec/2025:09:40:11 +0000] "POST /api/v1/users HTTP/1.1" 404 152 "-" "PostmanRuntime/7.51.0"
::1 - - [19/Dec/2025:09:40:39 +0000] "GET /api/v1/users HTTP/1.1" 200 64 "-" "PostmanRuntime/7.51.0"
::1 - - [19/Dec/2025:10:43:56 +0000] "POST /api/v1/users HTTP/1.1" 500 75 "-" "PostmanRuntime/7.51.0"
::1 - - [19/Dec/2025:10:44:06 +0000] "POST /api/v1/users HTTP/1.1" 500 74 "-" "PostmanRuntime/7.51.0"
::1 - - [19/Dec/2025:10:44:24 +0000] "POST /api/v1/users HTTP/1.1" 500 81 "-" "PostmanRuntime/7.51.0"
::1 - - [19/Dec/2025:10:45:52 +0000] "POST /api/v1/users HTTP/1.1" 201 54 "-" "PostmanRuntime/7.51.0"
::1 - - [19/Dec/2025:10:47:07 +0000] "POST /api/v1/users HTTP/1.1" 201 54 "-" "PostmanRuntime/7.51.0"
::1 - - [19/Dec/2025:10:47:28 +0000] "POST /api/v1/users HTTP/1.1" 201 54 "-" "PostmanRuntime/7.51.0"
::1 - - [19/Dec/2025:10:48:15 +0000] "POST /api/v1/users HTTP/1.1" 201 197 "-" "PostmanRuntime/7.51.0"
::1 - - [19/Dec/2025:10:48:54 +0000] "GET /api/v1/users HTTP/1.1" 200 267 "-" "PostmanRuntime/7.51.0"
::1 - - [19/Dec/2025:10:49:55 +0000] "GET /api/v1/users HTTP/1.1" 200 267 "-" "PostmanRuntime/7.51.0"
::1 - - [19/Dec/2025:10:50:23 +0000] "GET /api/v1/users HTTP/1.1" 200 1103 "-" "PostmanRuntime/7.51.0"
::1 - - [21/Dec/2025:08:13:39 +0000] "GET /api/v1/auth/login HTTP/1.1" 404 156 "-" "PostmanRuntime/7.51.0"
::1 - - [21/Dec/2025:08:13:53 +0000] "POST /api/v1/auth/login HTTP/1.1" 200 2091 "-" "PostmanRuntime/7.51.0"
::1 - - [21/Dec/2025:08:14:23 +0000] "POST /api/v1/auth/login HTTP/1.1" 200 191 "-" "PostmanRuntime/7.51.0"
::1 - - [21/Dec/2025:08:14:28 +0000] "POST /api/v1/auth/login HTTP/1.1" 200 191 "-" "PostmanRuntime/7.51.0"
::1 - - [21/Dec/2025:08:14:31 +0000] "POST /api/v1/auth/login HTTP/1.1" 200 191 "-" "PostmanRuntime/7.51.0"
::1 - - [21/Dec/2025:08:15:13 +0000] "POST /api/v1/auth/login HTTP/1.1" 200 191 "-" "PostmanRuntime/7.51.0"
::1 - - [21/Dec/2025:08:15:54 +0000] "POST /api/v1/auth/login HTTP/1.1" 200 191 "-" "PostmanRuntime/7.51.0"
::1 - - [21/Dec/2025:08:16:52 +0000] "POST /api/v1/auth/login HTTP/1.1" 200 191 "-" "PostmanRuntime/7.51.0"
::1 - - [21/Dec/2025:08:17:20 +0000] "POST /api/v1/auth/login HTTP/1.1" 500 56 "-" "PostmanRuntime/7.51.0"
::1 - - [21/Dec/2025:08:17:27 +0000] "POST /api/v1/auth/login HTTP/1.1" 500 56 "-" "PostmanRuntime/7.51.0"
::1 - - [21/Dec/2025:08:17:41 +0000] "POST /api/v1/auth/login HTTP/1.1" 500 56 "-" "PostmanRuntime/7.51.0"
::1 - - [21/Dec/2025:08:17:49 +0000] "POST /api/v1/auth/login HTTP/1.1" 500 56 "-" "PostmanRuntime/7.51.0"
::1 - - [21/Dec/2025:08:18:48 +0000] "POST /api/v1/auth/login HTTP/1.1" 200 191 "-" "PostmanRuntime/7.51.0"
::1 - - [21/Dec/2025:08:27:01 +0000] "POST /api/v1/auth/login HTTP/1.1" 200 191 "-" "PostmanRuntime/7.51.0"
::1 - - [21/Dec/2025:08:35:45 +0000] "POST /api/v1/auth/login HTTP/1.1" 200 191 "-" "PostmanRuntime/7.51.0"
